#
# A fatal error has been detected by the Java Runtime Environment:
#
#  SIGFPE (0x8) at pc=0x000000011983b168, pid=14076, tid=8451
#
# JRE version: Java(TM) SE Runtime Environment (15.0.2+7) (build 15.0.2+7-27)
# Java VM: Java HotSpot(TM) 64-Bit Server VM (15.0.2+7-27, mixed mode, sharing, tiered, compressed oops, g1 gc, bsd-amd64)
# Problematic frame:
# j  travis_ci_tutorial_java.SimpleCalculator.divide(II)I+0
#
# No core dump will be written. Core dumps have been disabled. To enable core dumping, try "ulimit -c unlimited" before starting Java again
#
# If you would like to submit a bug report, please visit:
#   https://bugreport.java.com/bugreport/crash.jsp
#

---------------  S U M M A R Y ------------

Command Line: -ea -Didea.test.cyclic.buffer.size=1048576 -javaagent:/Applications/IntelliJ IDEA.app/Contents/lib/idea_rt.jar=53561:/Applications/IntelliJ IDEA.app/Contents/bin -Dfile.encoding=UTF-8 com.intellij.rt.junit.JUnitStarter -ideVersion5 -junit4 travis_ci_tutorial_java.SimpleCalculatorTest,testDividebyZero

Host: MacBookAir10,1 x86_64 2400 MHz, 8 cores, 8G, Darwin 20.3.0
Time: Sun Feb 14 13:55:52 2021 EST elapsed time: 0.484591 seconds (0d 0h 0m 0s)

---------------  T H R E A D  ---------------

Current thread (0x00007f9ce800d000):  JavaThread "main" [_thread_in_Java, id=8451, stack(0x0000000309c7a000,0x0000000309d7a000)]

Stack: [0x0000000309c7a000,0x0000000309d7a000],  sp=0x0000000309d78ac8,  free space=1018k
Native frames: (J=compiled Java code, A=aot compiled Java code, j=interpreted, Vv=VM code, C=native code)
j  travis_ci_tutorial_java.SimpleCalculator.divide(II)I+0
j  travis_ci_tutorial_java.SimpleCalculatorTest.testDividebyZero()V+11
v  ~StubRoutines::call_stub
V  [libjvm.dylib+0x4adf62]  JavaCalls::call_helper(JavaValue*, methodHandle const&, JavaCallArguments*, Thread*)+0x2e2
V  [libjvm.dylib+0x89dbde]  invoke(InstanceKlass*, methodHandle const&, Handle, bool, objArrayHandle, BasicType, objArrayHandle, bool, Thread*)+0x8ee
V  [libjvm.dylib+0x89d2c4]  Reflection::invoke_method(oopDesc*, Handle, objArrayHandle, Thread*)+0x244
V  [libjvm.dylib+0x55c009]  JVM_InvokeMethod+0x329
j  jdk.internal.reflect.NativeMethodAccessorImpl.invoke0(Ljava/lang/reflect/Method;Ljava/lang/Object;[Ljava/lang/Object;)Ljava/lang/Object;+0 java.base@15.0.2
j  jdk.internal.reflect.NativeMethodAccessorImpl.invoke(Ljava/lang/Object;[Ljava/lang/Object;)Ljava/lang/Object;+113 java.base@15.0.2
j  jdk.internal.reflect.DelegatingMethodAccessorImpl.invoke(Ljava/lang/Object;[Ljava/lang/Object;)Ljava/lang/Object;+6 java.base@15.0.2
j  java.lang.reflect.Method.invoke(Ljava/lang/Object;[Ljava/lang/Object;)Ljava/lang/Object;+59 java.base@15.0.2
j  org.junit.runners.model.FrameworkMethod$1.runReflectiveCall()Ljava/lang/Object;+15
j  org.junit.internal.runners.model.ReflectiveCallable.run()Ljava/lang/Object;+1
j  org.junit.runners.model.FrameworkMethod.invokeExplosively(Ljava/lang/Object;[Ljava/lang/Object;)Ljava/lang/Object;+10
j  org.junit.internal.runners.statements.InvokeMethod.evaluate()V+12
j  org.junit.runners.ParentRunner$3.evaluate()V+4
j  org.junit.runners.BlockJUnit4ClassRunner$1.evaluate()V+11
j  org.junit.runners.ParentRunner.runLeaf(Lorg/junit/runners/model/Statement;Lorg/junit/runner/Description;Lorg/junit/runner/notification/RunNotifier;)V+17
j  org.junit.runners.BlockJUnit4ClassRunner.runChild(Lorg/junit/runners/model/FrameworkMethod;Lorg/junit/runner/notification/RunNotifier;)V+38
j  org.junit.runners.BlockJUnit4ClassRunner.runChild(Ljava/lang/Object;Lorg/junit/runner/notification/RunNotifier;)V+6
j  org.junit.runners.ParentRunner$4.run()V+12
j  org.junit.runners.ParentRunner$1.schedule(Ljava/lang/Runnable;)V+1
j  org.junit.runners.ParentRunner.runChildren(Lorg/junit/runner/notification/RunNotifier;)V+44
j  org.junit.runners.ParentRunner.access$100(Lorg/junit/runners/ParentRunner;Lorg/junit/runner/notification/RunNotifier;)V+2
j  org.junit.runners.ParentRunner$2.evaluate()V+8
j  org.junit.runners.ParentRunner$3.evaluate()V+4
j  org.junit.runners.ParentRunner.run(Lorg/junit/runner/notification/RunNotifier;)V+24
j  org.junit.runner.JUnitCore.run(Lorg/junit/runner/Runner;)Lorg/junit/runner/Result;+37
j  com.intellij.junit4.JUnit4IdeaTestRunner.startRunnerWithArgs([Ljava/lang/String;Ljava/lang/String;IZ)I+166
j  com.intellij.rt.junit.IdeaTestRunner$Repeater.startRunnerWithArgs(Lcom/intellij/rt/junit/IdeaTestRunner;[Ljava/lang/String;Ljava/util/ArrayList;Ljava/lang/String;IZ)I+22
j  com.intellij.rt.junit.JUnitStarter.prepareStreamsAndStart([Ljava/lang/String;Ljava/lang/String;Ljava/util/ArrayList;Ljava/lang/String;)I+116
j  com.intellij.rt.junit.JUnitStarter.main([Ljava/lang/String;)V+97
v  ~StubRoutines::call_stub
V  [libjvm.dylib+0x4adf62]  JavaCalls::call_helper(JavaValue*, methodHandle const&, JavaCallArguments*, Thread*)+0x2e2
V  [libjvm.dylib+0x50e5f9]  jni_invoke_static(JNIEnv_*, JavaValue*, _jobject*, JNICallType, _jmethodID*, JNI_ArgumentPusher*, Thread*)+0x1f9
V  [libjvm.dylib+0x511b8a]  jni_CallStaticVoidMethod+0x18a
C  [libjli.dylib+0x4f3d]  JavaMain+0xc1d
C  [libjli.dylib+0x7659]  ThreadJavaMain+0x9
C  [libsystem_pthread.dylib+0x6950]  _pthread_start+0xe0
C  [libsystem_pthread.dylib+0x247b]  thread_start+0xf


siginfo: si_signo: 8 (SIGFPE), si_code: 5 (FPE_FLTINV), si_addr: 0x000000011983b168

Register to memory mapping:

RAX=0x0000000000000004 is an unknown value
RBX=0x000000000000006c is an unknown value
RCX=0x0 is NULL
RDX=0x0 is NULL
RSP=0x0000000309d78ac8 is pointing into the stack for thread: 0x00007f9ce800d000
RBP=0x0000000309d78b10 is pointing into the stack for thread: 0x00007f9ce800d000
RSI=0x0000000000000003 is an unknown value
RDI=0x0000000000000003 is an unknown value
R8 ={method} {0x000000012fb68900} 'divide' '(II)I' in 'travis_ci_tutorial_java/SimpleCalculator'
R9 =0x00007f9ce7c11e50 points into unknown readable memory: 0x000000012faf01f8 | f8 01 af 2f 01 00 00 00
R10=0x000000010fc349c0: _ZN19TemplateInterpreter13_active_tableE+0x2000 in /Library/Java/JavaVirtualMachines/jdk-15.0.2.jdk/Contents/Home/lib/server/libjvm.dylib at 0x000000010f000000
R11=0x00000001212f01a0 is at entry_point+32 in (nmethod*)0x00000001212f0010
R12=0x0 is NULL
R13=0x000000012fb688d2 is pointing into metadata
R14=0x0000000309d78b30 is pointing into the stack for thread: 0x00007f9ce800d000
R15=0x00007f9ce800d000 is a thread


Registers:
RAX=0x0000000000000004, RBX=0x000000000000006c, RCX=0x0000000000000000, RDX=0x0000000000000000
RSP=0x0000000309d78ac8, RBP=0x0000000309d78b10, RSI=0x0000000000000003, RDI=0x0000000000000003
R8 =0x000000012fb68900, R9 =0x00007f9ce7c11e50, R10=0x000000010fc349c0, R11=0x00000001212f01a0
R12=0x0000000000000000, R13=0x000000012fb688d2, R14=0x0000000309d78b30, R15=0x00007f9ce800d000
RIP=0x000000011983b168, EFLAGS=0x0000000000000a83, ERR=0x0000000000000000
  TRAPNO=0x0000000000000000

Top of Stack: (sp=0x0000000309d78ac8)
0x0000000309d78ac8:   0000000309d78ac8 000000012fb688d0
0x0000000309d78ad8:   0000000309d78b30 000000012fb68958
0x0000000309d78ae8:   0000000000000000 0000000787a064b0
0x0000000309d78af8:   000000012fb68900 0000000000000000
0x0000000309d78b08:   0000000309d78b20 0000000309d78b80
0x0000000309d78b18:   0000000119830900 0000000000000000
0x0000000309d78b28:   0000000000000004 0000000787a065c0
0x0000000309d78b38:   0000000309d78b38 000000012fb0c96b
0x0000000309d78b48:   0000000309d78b98 000000012fb0f660
0x0000000309d78b58:   0000000000000000 0000000787d79698
0x0000000309d78b68:   000000012fb0c9a0 0000000309d78b20
0x0000000309d78b78:   0000000309d78b98 0000000309d78c00
0x0000000309d78b88:   0000000119827947 0000000787a065c0
0x0000000309d78b98:   0000000787bfbca0 f81971c900001fa0
0x0000000309d78ba8:   00007f9ce800d000 0000000309d78e00
0x0000000309d78bb8:   0000000309d78d18 0000000309d78d40
0x0000000309d78bc8:   0000000000000001 0000000309d78c58
0x0000000309d78bd8:   0000000309d78d20 000000000000000a
0x0000000309d78be8:   000000012fb0c9a0 0000000119834f40
0x0000000309d78bf8:   0000000309d78e08 0000000309d78ce0
0x0000000309d78c08:   000000010f4adf62 0000000000000001
0x0000000309d78c18:   00007f9ce800d000 00007f9ce800d000
0x0000000309d78c28:   00007f9ce7c121c0 00007f9ce7c11d60
0x0000000309d78c38:   00007f9ce7c11d90 00007f9ce7c11e48
0x0000000309d78c48:   00000000000000d8 0000000309d79bd0
0x0000000309d78c58:   00007f9ce800d000 00007f9ce7f10300
0x0000000309d78c68:   000000012fb0c9a0 0000000787bfbca0
0x0000000309d78c78:   0000000309d78f80 000000011983616f
0x0000000309d78c88:   0000000309d78fe8 0000000309d78d18
0x0000000309d78c98:   00007f9ce7c12490 0000000119834f40
0x0000000309d78ca8:   000000000000000f 0000000ae7c124c0
0x0000000309d78cb8:   00007f9ce800d000 00007f9ce7c11d78 

Instructions: (pc=0x000000011983b168)
0x000000011983b068:   9a a0 a7 0f 01 00 00 00 6a 00 00 00 00 00 00 00
0x000000011983b078:   00 00 00 00 00 00 00 00 f3 0f 10 04 24 48 83 c4
0x000000011983b088:   08 f3 0f 59 04 24 48 83 c4 08 41 0f b6 5d 01 49
0x000000011983b098:   ff c5 49 ba c0 59 c3 0f 01 00 00 00 41 ff 24 da
0x000000011983b0a8:   00 00 00 00 00 00 00 00 00 00 00 00 00 00 00 00
0x000000011983b0b8:   00 00 00 00 00 00 00 00 60 00 00 00 00 00 00 00
0x000000011983b0c8:   9f a0 a7 0f 01 00 00 00 6b 00 00 00 00 00 00 00
0x000000011983b0d8:   00 00 00 00 00 00 00 00 f2 0f 10 04 24 48 83 c4
0x000000011983b0e8:   10 f2 0f 59 04 24 48 83 c4 10 41 0f b6 5d 01 49
0x000000011983b0f8:   ff c5 49 ba c0 61 c3 0f 01 00 00 00 41 ff 24 da
0x000000011983b108:   00 00 00 00 00 00 00 00 00 00 00 00 00 00 00 00
0x000000011983b118:   00 00 00 00 00 00 00 00 60 00 00 00 00 00 00 00
0x000000011983b128:   a4 a0 a7 0f 01 00 00 00 6c 00 00 00 00 00 00 00
0x000000011983b138:   00 00 00 00 00 00 00 00 8b 04 24 48 83 c4 08 8b
0x000000011983b148:   c8 8b 04 24 48 83 c4 08 81 f8 00 00 00 80 0f 85
0x000000011983b158:   0b 00 00 00 33 d2 83 f9 ff 0f 84 03 00 00 00 99
0x000000011983b168:   f7 f9 41 0f b6 5d 01 49 ff c5 49 ba c0 49 c3 0f
0x000000011983b178:   01 00 00 00 41 ff 24 da 80 00 00 00 00 00 00 00
0x000000011983b188:   a9 a0 a7 0f 01 00 00 00 6d 00 00 00 00 00 00 00
0x000000011983b198:   00 00 00 00 00 00 00 00 48 8b 04 24 48 83 c4 10
0x000000011983b1a8:   48 8b c8 48 8b 04 24 48 83 c4 10 48 85 c9 0f 84
0x000000011983b1b8:   73 9a ff ff 48 3b 05 9d 9b 2b f6 0f 85 0c 00 00
0x000000011983b1c8:   00 33 d2 48 83 f9 ff 0f 84 05 00 00 00 48 99 48
0x000000011983b1d8:   f7 f9 41 0f b6 5d 01 49 ff c5 49 ba c0 51 c3 0f
0x000000011983b1e8:   01 00 00 00 41 ff 24 da 00 00 00 00 00 00 00 00
0x000000011983b1f8:   00 00 00 00 00 00 00 00 60 00 00 00 00 00 00 00
0x000000011983b208:   ae a0 a7 0f 01 00 00 00 6e 00 00 00 00 00 00 00
0x000000011983b218:   00 00 00 00 00 00 00 00 f3 0f 10 04 24 48 83 c4
0x000000011983b228:   08 0f 28 c8 f3 0f 10 04 24 48 83 c4 08 f3 0f 5e
0x000000011983b238:   c1 41 0f b6 5d 01 49 ff c5 49 ba c0 59 c3 0f 01
0x000000011983b248:   00 00 00 41 ff 24 da 90 00 00 00 00 00 00 00 00
0x000000011983b258:   00 00 00 00 00 00 00 00 60 00 00 00 00 00 00 00 


Stack slot to memory mapping:
stack at sp + 0 slots: 0x0000000309d78ac8 is pointing into the stack for thread: 0x00007f9ce800d000
stack at sp + 1 slots: 0x000000012fb688d0 is pointing into metadata
stack at sp + 2 slots: 0x0000000309d78b30 is pointing into the stack for thread: 0x00007f9ce800d000
stack at sp + 3 slots: 0x000000012fb68958 is pointing into metadata
stack at sp + 4 slots: 0x0 is NULL
stack at sp + 5 slots: 0x0000000787a064b0 is an oop: java.lang.Class 
{0x0000000787a064b0} - klass: 'java/lang/Class'
stack at sp + 6 slots: {method} {0x000000012fb68900} 'divide' '(II)I' in 'travis_ci_tutorial_java/SimpleCalculator'
stack at sp + 7 slots: 0x0 is NULL

idiv  108 idiv  [0x000000011983b140, 0x000000011983b180]  64 bytes
[MachCode]
  0x000000011983b140: 8b04 2448 | 83c4 088b | c88b 0424 | 4883 c408 | 81f8 0000 | 0080 0f85 | 0b00 0000 | 33d2 83f9 
  0x000000011983b160: ff0f 8403 | 0000 0099 | f7f9 410f | b65d 0149 | ffc5 49ba | c049 c30f | 0100 0000 | 41ff 24da 
[/MachCode]

---------------  P R O C E S S  ---------------

Threads class SMR info:
_java_thread_list=0x00007f9ce7c2eb70, length=11, elements={
0x00007f9ce800d000, 0x00007f9ce9009200, 0x00007f9ce901ba00, 0x00007f9ce8011400,
0x00007f9ce8029a00, 0x00007f9ce802a000, 0x00007f9ce802a600, 0x00007f9ce802ac00,
0x00007f9ce888d800, 0x00007f9ce802ba00, 0x00007f9ce8097c00
}

Java Threads: ( => current thread )
=>0x00007f9ce800d000 JavaThread "main" [_thread_in_Java, id=8451, stack(0x0000000309c7a000,0x0000000309d7a000)]
  0x00007f9ce9009200 JavaThread "Reference Handler" daemon [_thread_blocked, id=15619, stack(0x000000030a38f000,0x000000030a48f000)]
  0x00007f9ce901ba00 JavaThread "Finalizer" daemon [_thread_blocked, id=22531, stack(0x000000030a492000,0x000000030a592000)]
  0x00007f9ce8011400 JavaThread "Signal Dispatcher" daemon [_thread_blocked, id=40707, stack(0x000000030a6a3000,0x000000030a7a3000)]
  0x00007f9ce8029a00 JavaThread "Service Thread" daemon [_thread_blocked, id=39939, stack(0x000000030a7a6000,0x000000030a8a6000)]
  0x00007f9ce802a000 JavaThread "C2 CompilerThread0" daemon [_thread_blocked, id=39427, stack(0x000000030a8a9000,0x000000030a9a9000)]
  0x00007f9ce802a600 JavaThread "C1 CompilerThread0" daemon [_thread_blocked, id=38659, stack(0x000000030a9ac000,0x000000030aaac000)]
  0x00007f9ce802ac00 JavaThread "Sweeper thread" daemon [_thread_blocked, id=37891, stack(0x000000030aaaf000,0x000000030abaf000)]
  0x00007f9ce888d800 JavaThread "Common-Cleaner" daemon [_thread_blocked, id=37123, stack(0x000000030abb2000,0x000000030acb2000)]
  0x00007f9ce802ba00 JavaThread "Monitor Ctrl-Break" daemon [_thread_in_native, id=28163, stack(0x000000030acb5000,0x000000030adb5000)]
  0x00007f9ce8097c00 JavaThread "Notification Thread" daemon [_thread_blocked, id=28675, stack(0x000000030adb8000,0x000000030aeb8000)]

Other Threads:
  0x00007f9ce7f0f570 VMThread "VM Thread" [stack: 0x000000030a28c000,0x000000030a38c000] [id=16387]
  0x00007f9ce7d49430 WatcherThread [stack: 0x000000030aebb000,0x000000030afbb000] [id=29195]
  0x00007f9ce7d150a0 GCTaskThread "GC Thread#0" [stack: 0x0000000309d7d000,0x0000000309e7d000] [id=13827]
  0x00007f9ce7c16360 ConcurrentGCThread "G1 Main Marker" [stack: 0x0000000309e80000,0x0000000309f80000] [id=14083]
  0x00007f9ce7d15dc0 ConcurrentGCThread "G1 Conc#0" [stack: 0x0000000309f83000,0x000000030a083000] [id=14339]
  0x00007f9ce7d32a00 ConcurrentGCThread "G1 Refine#0" [stack: 0x000000030a086000,0x000000030a186000] [id=14595]
  0x00007f9ce7d33ab0 ConcurrentGCThread "G1 Young RemSet Sampling" [stack: 0x000000030a189000,0x000000030a289000] [id=16643]

Threads with active compile tasks:

VM state: not at safepoint (normal execution)

VM Mutex/Monitor currently owned by a thread: None

Heap address: 0x0000000780000000, size: 2048 MB, Compressed Oops mode: Zero based, Oop shift amount: 3
CDS archive(s) mapped at: [0x0000000800000000-0x0000000800b2d000-0x0000000800b2d000), size 11718656, SharedBaseAddress: 0x0000000800000000, ArchiveRelocationMode: 0.
Compressed class space mapped at: 0x0000000800b30000-0x0000000840b30000, size: 1073741824
Narrow klass base: 0x0000000800000000, Narrow klass shift: 3, Narrow klass range: 0x100000000

GC Precious Log:
 CPUs: 8 total, 8 available
 Memory: 8192M
 Large Page Support: Disabled
 NUMA Support: Disabled
 Compressed Oops: Enabled (Zero based)
 Heap Region Size: 1M
 Heap Min Capacity: 8M
 Heap Initial Capacity: 128M
 Heap Max Capacity: 2G
 Pre-touch: Disabled
 Parallel Workers: 8
 Concurrent Workers: 2
 Concurrent Refinement Workers: 8
 Periodic GC: Disabled

Heap:
 garbage-first heap   total 133120K, used 5928K [0x0000000780000000, 0x0000000800000000)
  region size 1024K, 6 young (6144K), 0 survivors (0K)
 Metaspace       used 2289K, capacity 5136K, committed 5376K, reserved 1056768K
  class space    used 259K, capacity 495K, committed 512K, reserved 1048576K

Heap Regions: E=young(eden), S=young(survivor), O=old, HS=humongous(starts), HC=humongous(continues), CS=collection set, F=free, OA=open archive, CA=closed archive, TAMS=top-at-mark-start (previous, next)
|   0|0x0000000780000000, 0x0000000780000000, 0x0000000780100000|  0%| F|  |TAMS 0x0000000780000000, 0x0000000780000000| Untracked 
|   1|0x0000000780100000, 0x0000000780100000, 0x0000000780200000|  0%| F|  |TAMS 0x0000000780100000, 0x0000000780100000| Untracked 
|   2|0x0000000780200000, 0x0000000780200000, 0x0000000780300000|  0%| F|  |TAMS 0x0000000780200000, 0x0000000780200000| Untracked 
|   3|0x0000000780300000, 0x0000000780300000, 0x0000000780400000|  0%| F|  |TAMS 0x0000000780300000, 0x0000000780300000| Untracked 
|   4|0x0000000780400000, 0x0000000780400000, 0x0000000780500000|  0%| F|  |TAMS 0x0000000780400000, 0x0000000780400000| Untracked 
|   5|0x0000000780500000, 0x0000000780500000, 0x0000000780600000|  0%| F|  |TAMS 0x0000000780500000, 0x0000000780500000| Untracked 
|   6|0x0000000780600000, 0x0000000780600000, 0x0000000780700000|  0%| F|  |TAMS 0x0000000780600000, 0x0000000780600000| Untracked 
|   7|0x0000000780700000, 0x0000000780700000, 0x0000000780800000|  0%| F|  |TAMS 0x0000000780700000, 0x0000000780700000| Untracked 
|   8|0x0000000780800000, 0x0000000780800000, 0x0000000780900000|  0%| F|  |TAMS 0x0000000780800000, 0x0000000780800000| Untracked 
|   9|0x0000000780900000, 0x0000000780900000, 0x0000000780a00000|  0%| F|  |TAMS 0x0000000780900000, 0x0000000780900000| Untracked 
|  10|0x0000000780a00000, 0x0000000780a00000, 0x0000000780b00000|  0%| F|  |TAMS 0x0000000780a00000, 0x0000000780a00000| Untracked 
|  11|0x0000000780b00000, 0x0000000780b00000, 0x0000000780c00000|  0%| F|  |TAMS 0x0000000780b00000, 0x0000000780b00000| Untracked 
|  12|0x0000000780c00000, 0x0000000780c00000, 0x0000000780d00000|  0%| F|  |TAMS 0x0000000780c00000, 0x0000000780c00000| Untracked 
|  13|0x0000000780d00000, 0x0000000780d00000, 0x0000000780e00000|  0%| F|  |TAMS 0x0000000780d00000, 0x0000000780d00000| Untracked 
|  14|0x0000000780e00000, 0x0000000780e00000, 0x0000000780f00000|  0%| F|  |TAMS 0x0000000780e00000, 0x0000000780e00000| Untracked 
|  15|0x0000000780f00000, 0x0000000780f00000, 0x0000000781000000|  0%| F|  |TAMS 0x0000000780f00000, 0x0000000780f00000| Untracked 
|  16|0x0000000781000000, 0x0000000781000000, 0x0000000781100000|  0%| F|  |TAMS 0x0000000781000000, 0x0000000781000000| Untracked 
|  17|0x0000000781100000, 0x0000000781100000, 0x0000000781200000|  0%| F|  |TAMS 0x0000000781100000, 0x0000000781100000| Untracked 
|  18|0x0000000781200000, 0x0000000781200000, 0x0000000781300000|  0%| F|  |TAMS 0x0000000781200000, 0x0000000781200000| Untracked 
|  19|0x0000000781300000, 0x0000000781300000, 0x0000000781400000|  0%| F|  |TAMS 0x0000000781300000, 0x0000000781300000| Untracked 
|  20|0x0000000781400000, 0x0000000781400000, 0x0000000781500000|  0%| F|  |TAMS 0x0000000781400000, 0x0000000781400000| Untracked 
|  21|0x0000000781500000, 0x0000000781500000, 0x0000000781600000|  0%| F|  |TAMS 0x0000000781500000, 0x0000000781500000| Untracked 
|  22|0x0000000781600000, 0x0000000781600000, 0x0000000781700000|  0%| F|  |TAMS 0x0000000781600000, 0x0000000781600000| Untracked 
|  23|0x0000000781700000, 0x0000000781700000, 0x0000000781800000|  0%| F|  |TAMS 0x0000000781700000, 0x0000000781700000| Untracked 
|  24|0x0000000781800000, 0x0000000781800000, 0x0000000781900000|  0%| F|  |TAMS 0x0000000781800000, 0x0000000781800000| Untracked 
|  25|0x0000000781900000, 0x0000000781900000, 0x0000000781a00000|  0%| F|  |TAMS 0x0000000781900000, 0x0000000781900000| Untracked 
|  26|0x0000000781a00000, 0x0000000781a00000, 0x0000000781b00000|  0%| F|  |TAMS 0x0000000781a00000, 0x0000000781a00000| Untracked 
|  27|0x0000000781b00000, 0x0000000781b00000, 0x0000000781c00000|  0%| F|  |TAMS 0x0000000781b00000, 0x0000000781b00000| Untracked 
|  28|0x0000000781c00000, 0x0000000781c00000, 0x0000000781d00000|  0%| F|  |TAMS 0x0000000781c00000, 0x0000000781c00000| Untracked 
|  29|0x0000000781d00000, 0x0000000781d00000, 0x0000000781e00000|  0%| F|  |TAMS 0x0000000781d00000, 0x0000000781d00000| Untracked 
|  30|0x0000000781e00000, 0x0000000781e00000, 0x0000000781f00000|  0%| F|  |TAMS 0x0000000781e00000, 0x0000000781e00000| Untracked 
|  31|0x0000000781f00000, 0x0000000781f00000, 0x0000000782000000|  0%| F|  |TAMS 0x0000000781f00000, 0x0000000781f00000| Untracked 
|  32|0x0000000782000000, 0x0000000782000000, 0x0000000782100000|  0%| F|  |TAMS 0x0000000782000000, 0x0000000782000000| Untracked 
|  33|0x0000000782100000, 0x0000000782100000, 0x0000000782200000|  0%| F|  |TAMS 0x0000000782100000, 0x0000000782100000| Untracked 
|  34|0x0000000782200000, 0x0000000782200000, 0x0000000782300000|  0%| F|  |TAMS 0x0000000782200000, 0x0000000782200000| Untracked 
|  35|0x0000000782300000, 0x0000000782300000, 0x0000000782400000|  0%| F|  |TAMS 0x0000000782300000, 0x0000000782300000| Untracked 
|  36|0x0000000782400000, 0x0000000782400000, 0x0000000782500000|  0%| F|  |TAMS 0x0000000782400000, 0x0000000782400000| Untracked 
|  37|0x0000000782500000, 0x0000000782500000, 0x0000000782600000|  0%| F|  |TAMS 0x0000000782500000, 0x0000000782500000| Untracked 
|  38|0x0000000782600000, 0x0000000782600000, 0x0000000782700000|  0%| F|  |TAMS 0x0000000782600000, 0x0000000782600000| Untracked 
|  39|0x0000000782700000, 0x0000000782700000, 0x0000000782800000|  0%| F|  |TAMS 0x0000000782700000, 0x0000000782700000| Untracked 
|  40|0x0000000782800000, 0x0000000782800000, 0x0000000782900000|  0%| F|  |TAMS 0x0000000782800000, 0x0000000782800000| Untracked 
|  41|0x0000000782900000, 0x0000000782900000, 0x0000000782a00000|  0%| F|  |TAMS 0x0000000782900000, 0x0000000782900000| Untracked 
|  42|0x0000000782a00000, 0x0000000782a00000, 0x0000000782b00000|  0%| F|  |TAMS 0x0000000782a00000, 0x0000000782a00000| Untracked 
|  43|0x0000000782b00000, 0x0000000782b00000, 0x0000000782c00000|  0%| F|  |TAMS 0x0000000782b00000, 0x0000000782b00000| Untracked 
|  44|0x0000000782c00000, 0x0000000782c00000, 0x0000000782d00000|  0%| F|  |TAMS 0x0000000782c00000, 0x0000000782c00000| Untracked 
|  45|0x0000000782d00000, 0x0000000782d00000, 0x0000000782e00000|  0%| F|  |TAMS 0x0000000782d00000, 0x0000000782d00000| Untracked 
|  46|0x0000000782e00000, 0x0000000782e00000, 0x0000000782f00000|  0%| F|  |TAMS 0x0000000782e00000, 0x0000000782e00000| Untracked 
|  47|0x0000000782f00000, 0x0000000782f00000, 0x0000000783000000|  0%| F|  |TAMS 0x0000000782f00000, 0x0000000782f00000| Untracked 
|  48|0x0000000783000000, 0x0000000783000000, 0x0000000783100000|  0%| F|  |TAMS 0x0000000783000000, 0x0000000783000000| Untracked 
|  49|0x0000000783100000, 0x0000000783100000, 0x0000000783200000|  0%| F|  |TAMS 0x0000000783100000, 0x0000000783100000| Untracked 
|  50|0x0000000783200000, 0x0000000783200000, 0x0000000783300000|  0%| F|  |TAMS 0x0000000783200000, 0x0000000783200000| Untracked 
|  51|0x0000000783300000, 0x0000000783300000, 0x0000000783400000|  0%| F|  |TAMS 0x0000000783300000, 0x0000000783300000| Untracked 
|  52|0x0000000783400000, 0x0000000783400000, 0x0000000783500000|  0%| F|  |TAMS 0x0000000783400000, 0x0000000783400000| Untracked 
|  53|0x0000000783500000, 0x0000000783500000, 0x0000000783600000|  0%| F|  |TAMS 0x0000000783500000, 0x0000000783500000| Untracked 
|  54|0x0000000783600000, 0x0000000783600000, 0x0000000783700000|  0%| F|  |TAMS 0x0000000783600000, 0x0000000783600000| Untracked 
|  55|0x0000000783700000, 0x0000000783700000, 0x0000000783800000|  0%| F|  |TAMS 0x0000000783700000, 0x0000000783700000| Untracked 
|  56|0x0000000783800000, 0x0000000783800000, 0x0000000783900000|  0%| F|  |TAMS 0x0000000783800000, 0x0000000783800000| Untracked 
|  57|0x0000000783900000, 0x0000000783900000, 0x0000000783a00000|  0%| F|  |TAMS 0x0000000783900000, 0x0000000783900000| Untracked 
|  58|0x0000000783a00000, 0x0000000783a00000, 0x0000000783b00000|  0%| F|  |TAMS 0x0000000783a00000, 0x0000000783a00000| Untracked 
|  59|0x0000000783b00000, 0x0000000783b00000, 0x0000000783c00000|  0%| F|  |TAMS 0x0000000783b00000, 0x0000000783b00000| Untracked 
|  60|0x0000000783c00000, 0x0000000783c00000, 0x0000000783d00000|  0%| F|  |TAMS 0x0000000783c00000, 0x0000000783c00000| Untracked 
|  61|0x0000000783d00000, 0x0000000783d00000, 0x0000000783e00000|  0%| F|  |TAMS 0x0000000783d00000, 0x0000000783d00000| Untracked 
|  62|0x0000000783e00000, 0x0000000783e00000, 0x0000000783f00000|  0%| F|  |TAMS 0x0000000783e00000, 0x0000000783e00000| Untracked 
|  63|0x0000000783f00000, 0x0000000783f00000, 0x0000000784000000|  0%| F|  |TAMS 0x0000000783f00000, 0x0000000783f00000| Untracked 
|  64|0x0000000784000000, 0x0000000784000000, 0x0000000784100000|  0%| F|  |TAMS 0x0000000784000000, 0x0000000784000000| Untracked 
|  65|0x0000000784100000, 0x0000000784100000, 0x0000000784200000|  0%| F|  |TAMS 0x0000000784100000, 0x0000000784100000| Untracked 
|  66|0x0000000784200000, 0x0000000784200000, 0x0000000784300000|  0%| F|  |TAMS 0x0000000784200000, 0x0000000784200000| Untracked 
|  67|0x0000000784300000, 0x0000000784300000, 0x0000000784400000|  0%| F|  |TAMS 0x0000000784300000, 0x0000000784300000| Untracked 
|  68|0x0000000784400000, 0x0000000784400000, 0x0000000784500000|  0%| F|  |TAMS 0x0000000784400000, 0x0000000784400000| Untracked 
|  69|0x0000000784500000, 0x0000000784500000, 0x0000000784600000|  0%| F|  |TAMS 0x0000000784500000, 0x0000000784500000| Untracked 
|  70|0x0000000784600000, 0x0000000784600000, 0x0000000784700000|  0%| F|  |TAMS 0x0000000784600000, 0x0000000784600000| Untracked 
|  71|0x0000000784700000, 0x0000000784700000, 0x0000000784800000|  0%| F|  |TAMS 0x0000000784700000, 0x0000000784700000| Untracked 
|  72|0x0000000784800000, 0x0000000784800000, 0x0000000784900000|  0%| F|  |TAMS 0x0000000784800000, 0x0000000784800000| Untracked 
|  73|0x0000000784900000, 0x0000000784900000, 0x0000000784a00000|  0%| F|  |TAMS 0x0000000784900000, 0x0000000784900000| Untracked 
|  74|0x0000000784a00000, 0x0000000784a00000, 0x0000000784b00000|  0%| F|  |TAMS 0x0000000784a00000, 0x0000000784a00000| Untracked 
|  75|0x0000000784b00000, 0x0000000784b00000, 0x0000000784c00000|  0%| F|  |TAMS 0x0000000784b00000, 0x0000000784b00000| Untracked 
|  76|0x0000000784c00000, 0x0000000784c00000, 0x0000000784d00000|  0%| F|  |TAMS 0x0000000784c00000, 0x0000000784c00000| Untracked 
|  77|0x0000000784d00000, 0x0000000784d00000, 0x0000000784e00000|  0%| F|  |TAMS 0x0000000784d00000, 0x0000000784d00000| Untracked 
|  78|0x0000000784e00000, 0x0000000784e00000, 0x0000000784f00000|  0%| F|  |TAMS 0x0000000784e00000, 0x0000000784e00000| Untracked 
|  79|0x0000000784f00000, 0x0000000784f00000, 0x0000000785000000|  0%| F|  |TAMS 0x0000000784f00000, 0x0000000784f00000| Untracked 
|  80|0x0000000785000000, 0x0000000785000000, 0x0000000785100000|  0%| F|  |TAMS 0x0000000785000000, 0x0000000785000000| Untracked 
|  81|0x0000000785100000, 0x0000000785100000, 0x0000000785200000|  0%| F|  |TAMS 0x0000000785100000, 0x0000000785100000| Untracked 
|  82|0x0000000785200000, 0x0000000785200000, 0x0000000785300000|  0%| F|  |TAMS 0x0000000785200000, 0x0000000785200000| Untracked 
|  83|0x0000000785300000, 0x0000000785300000, 0x0000000785400000|  0%| F|  |TAMS 0x0000000785300000, 0x0000000785300000| Untracked 
|  84|0x0000000785400000, 0x0000000785400000, 0x0000000785500000|  0%| F|  |TAMS 0x0000000785400000, 0x0000000785400000| Untracked 
|  85|0x0000000785500000, 0x0000000785500000, 0x0000000785600000|  0%| F|  |TAMS 0x0000000785500000, 0x0000000785500000| Untracked 
|  86|0x0000000785600000, 0x0000000785600000, 0x0000000785700000|  0%| F|  |TAMS 0x0000000785600000, 0x0000000785600000| Untracked 
|  87|0x0000000785700000, 0x0000000785700000, 0x0000000785800000|  0%| F|  |TAMS 0x0000000785700000, 0x0000000785700000| Untracked 
|  88|0x0000000785800000, 0x0000000785800000, 0x0000000785900000|  0%| F|  |TAMS 0x0000000785800000, 0x0000000785800000| Untracked 
|  89|0x0000000785900000, 0x0000000785900000, 0x0000000785a00000|  0%| F|  |TAMS 0x0000000785900000, 0x0000000785900000| Untracked 
|  90|0x0000000785a00000, 0x0000000785a00000, 0x0000000785b00000|  0%| F|  |TAMS 0x0000000785a00000, 0x0000000785a00000| Untracked 
|  91|0x0000000785b00000, 0x0000000785b00000, 0x0000000785c00000|  0%| F|  |TAMS 0x0000000785b00000, 0x0000000785b00000| Untracked 
|  92|0x0000000785c00000, 0x0000000785c00000, 0x0000000785d00000|  0%| F|  |TAMS 0x0000000785c00000, 0x0000000785c00000| Untracked 
|  93|0x0000000785d00000, 0x0000000785d00000, 0x0000000785e00000|  0%| F|  |TAMS 0x0000000785d00000, 0x0000000785d00000| Untracked 
|  94|0x0000000785e00000, 0x0000000785e00000, 0x0000000785f00000|  0%| F|  |TAMS 0x0000000785e00000, 0x0000000785e00000| Untracked 
|  95|0x0000000785f00000, 0x0000000785f00000, 0x0000000786000000|  0%| F|  |TAMS 0x0000000785f00000, 0x0000000785f00000| Untracked 
|  96|0x0000000786000000, 0x0000000786000000, 0x0000000786100000|  0%| F|  |TAMS 0x0000000786000000, 0x0000000786000000| Untracked 
|  97|0x0000000786100000, 0x0000000786100000, 0x0000000786200000|  0%| F|  |TAMS 0x0000000786100000, 0x0000000786100000| Untracked 
|  98|0x0000000786200000, 0x0000000786200000, 0x0000000786300000|  0%| F|  |TAMS 0x0000000786200000, 0x0000000786200000| Untracked 
|  99|0x0000000786300000, 0x0000000786300000, 0x0000000786400000|  0%| F|  |TAMS 0x0000000786300000, 0x0000000786300000| Untracked 
| 100|0x0000000786400000, 0x0000000786400000, 0x0000000786500000|  0%| F|  |TAMS 0x0000000786400000, 0x0000000786400000| Untracked 
| 101|0x0000000786500000, 0x0000000786500000, 0x0000000786600000|  0%| F|  |TAMS 0x0000000786500000, 0x0000000786500000| Untracked 
| 102|0x0000000786600000, 0x0000000786600000, 0x0000000786700000|  0%| F|  |TAMS 0x0000000786600000, 0x0000000786600000| Untracked 
| 103|0x0000000786700000, 0x0000000786700000, 0x0000000786800000|  0%| F|  |TAMS 0x0000000786700000, 0x0000000786700000| Untracked 
| 104|0x0000000786800000, 0x0000000786800000, 0x0000000786900000|  0%| F|  |TAMS 0x0000000786800000, 0x0000000786800000| Untracked 
| 105|0x0000000786900000, 0x0000000786900000, 0x0000000786a00000|  0%| F|  |TAMS 0x0000000786900000, 0x0000000786900000| Untracked 
| 106|0x0000000786a00000, 0x0000000786a00000, 0x0000000786b00000|  0%| F|  |TAMS 0x0000000786a00000, 0x0000000786a00000| Untracked 
| 107|0x0000000786b00000, 0x0000000786b00000, 0x0000000786c00000|  0%| F|  |TAMS 0x0000000786b00000, 0x0000000786b00000| Untracked 
| 108|0x0000000786c00000, 0x0000000786c00000, 0x0000000786d00000|  0%| F|  |TAMS 0x0000000786c00000, 0x0000000786c00000| Untracked 
| 109|0x0000000786d00000, 0x0000000786d00000, 0x0000000786e00000|  0%| F|  |TAMS 0x0000000786d00000, 0x0000000786d00000| Untracked 
| 110|0x0000000786e00000, 0x0000000786e00000, 0x0000000786f00000|  0%| F|  |TAMS 0x0000000786e00000, 0x0000000786e00000| Untracked 
| 111|0x0000000786f00000, 0x0000000786f00000, 0x0000000787000000|  0%| F|  |TAMS 0x0000000786f00000, 0x0000000786f00000| Untracked 
| 112|0x0000000787000000, 0x0000000787000000, 0x0000000787100000|  0%| F|  |TAMS 0x0000000787000000, 0x0000000787000000| Untracked 
| 113|0x0000000787100000, 0x0000000787100000, 0x0000000787200000|  0%| F|  |TAMS 0x0000000787100000, 0x0000000787100000| Untracked 
| 114|0x0000000787200000, 0x0000000787200000, 0x0000000787300000|  0%| F|  |TAMS 0x0000000787200000, 0x0000000787200000| Untracked 
| 115|0x0000000787300000, 0x0000000787300000, 0x0000000787400000|  0%| F|  |TAMS 0x0000000787300000, 0x0000000787300000| Untracked 
| 116|0x0000000787400000, 0x0000000787400000, 0x0000000787500000|  0%| F|  |TAMS 0x0000000787400000, 0x0000000787400000| Untracked 
| 117|0x0000000787500000, 0x0000000787500000, 0x0000000787600000|  0%| F|  |TAMS 0x0000000787500000, 0x0000000787500000| Untracked 
| 118|0x0000000787600000, 0x0000000787600000, 0x0000000787700000|  0%| F|  |TAMS 0x0000000787600000, 0x0000000787600000| Untracked 
| 119|0x0000000787700000, 0x0000000787700000, 0x0000000787800000|  0%| F|  |TAMS 0x0000000787700000, 0x0000000787700000| Untracked 
| 120|0x0000000787800000, 0x0000000787800000, 0x0000000787900000|  0%| F|  |TAMS 0x0000000787800000, 0x0000000787800000| Untracked 
| 121|0x0000000787900000, 0x0000000787900000, 0x0000000787a00000|  0%| F|  |TAMS 0x0000000787900000, 0x0000000787900000| Untracked 
| 122|0x0000000787a00000, 0x0000000787a764a0, 0x0000000787b00000| 46%| E|  |TAMS 0x0000000787a00000, 0x0000000787a00000| Complete 
| 123|0x0000000787b00000, 0x0000000787c00000, 0x0000000787c00000|100%| E|CS|TAMS 0x0000000787b00000, 0x0000000787b00000| Complete 
| 124|0x0000000787c00000, 0x0000000787d00000, 0x0000000787d00000|100%| E|CS|TAMS 0x0000000787c00000, 0x0000000787c00000| Complete 
| 125|0x0000000787d00000, 0x0000000787e00000, 0x0000000787e00000|100%| E|CS|TAMS 0x0000000787d00000, 0x0000000787d00000| Complete 
| 126|0x0000000787e00000, 0x0000000787f00000, 0x0000000787f00000|100%| E|CS|TAMS 0x0000000787e00000, 0x0000000787e00000| Complete 
| 127|0x0000000787f00000, 0x0000000788000000, 0x0000000788000000|100%| E|CS|TAMS 0x0000000787f00000, 0x0000000787f00000| Complete 
|1022|0x00000007bfe00000, 0x00000007bfe51000, 0x00000007bff00000| 31%|OA|  |TAMS 0x00000007bfe00000, 0x00000007bfe00000| Untracked 
|1023|0x00000007bff00000, 0x00000007bff79000, 0x00000007c0000000| 47%|CA|  |TAMS 0x00000007bff00000, 0x00000007bff00000| Untracked 

Card table byte_map: [0x0000000128e09000,0x0000000129209000] _byte_map_base: 0x0000000125209000

Marking Bits (Prev, Next): (CMBitMap*) 0x00007f9ce800f210, (CMBitMap*) 0x00007f9ce800f250
 Prev Bits: [0x0000000129609000, 0x000000012b609000)
 Next Bits: [0x000000012b609000, 0x000000012d609000)

Polling page: 0x0000000102c8f000

Metaspace:

Usage:
  Non-class:      4.53 MB capacity,     1.98 MB ( 44%) used,     2.55 MB ( 56%) free+waste,     1.69 KB ( <1%) overhead. 
      Class:    495.00 KB capacity,   259.07 KB ( 52%) used,   234.99 KB ( 47%) free+waste,   960 bytes ( <1%) overhead. 
       Both:      5.02 MB capacity,     2.24 MB ( 45%) used,     2.78 MB ( 55%) free+waste,     2.62 KB ( <1%) overhead. 

Virtual space:
  Non-class space:        8.00 MB reserved,       4.75 MB ( 59%) committed 
      Class space:        1.00 GB reserved,     512.00 KB ( <1%) committed 
             Both:        1.01 GB reserved,       5.25 MB ( <1%) committed 

Chunk freelists:
   Non-Class:  31.00 KB
       Class:  17.00 KB
        Both:  48.00 KB

MaxMetaspaceSize: 17179869184.00 GB
CompressedClassSpaceSize: 1.00 GB

CodeHeap 'non-profiled nmethods': size=120028Kb used=142Kb max_used=142Kb free=119885Kb
 bounds [0x00000001212f0000, 0x0000000121560000, 0x0000000128827000]
CodeHeap 'profiled nmethods': size=120028Kb used=742Kb max_used=742Kb free=119285Kb
 bounds [0x0000000119db9000, 0x000000011a029000, 0x00000001212f0000]
CodeHeap 'non-nmethods': size=5704Kb used=1127Kb max_used=1142Kb free=4576Kb
 bounds [0x0000000119827000, 0x0000000119a97000, 0x0000000119db9000]
 total_blobs=850 nmethods=470 adapters=295
 compilation: enabled
              stopped_count=0, restarted_count=0
 full_count=0

Compilation events (20 events):
Event: 0.472 Thread 0x00007f9ce802a600  461       3       java.lang.ref.Cleaner$1::apply (9 bytes)
Event: 0.472 Thread 0x00007f9ce802a600 nmethod 461 0x0000000119e6f310 code [0x0000000119e6f4c0, 0x0000000119e6f730]
Event: 0.472 Thread 0x00007f9ce802a600  462       3       java.lang.ref.Cleaner$1::apply (5 bytes)
Event: 0.472 Thread 0x00007f9ce802a600 nmethod 462 0x0000000119e6f810 code [0x0000000119e6f9a0, 0x0000000119e6fab0]
Event: 0.472 Thread 0x00007f9ce802a000 nmethod 457 0x0000000121312390 code [0x0000000121312520, 0x0000000121312a98]
Event: 0.473 Thread 0x00007f9ce802a600  463       3       com.intellij.rt.execution.junit.MapSerializerUtil$1::escape (124 bytes)
Event: 0.473 Thread 0x00007f9ce802a600 nmethod 463 0x0000000119e6fb90 code [0x0000000119e6fd40, 0x0000000119e70070]
Event: 0.474 Thread 0x00007f9ce802a000  464       4       java.lang.StringLatin1::indexOf (121 bytes)
Event: 0.475 Thread 0x00007f9ce802a600  466   !   3       java.util.zip.InflaterInputStream::read (138 bytes)
Event: 0.476 Thread 0x00007f9ce802a600 nmethod 466 0x0000000119e70110 code [0x0000000119e703a0, 0x0000000119e71050]
Event: 0.476 Thread 0x00007f9ce802a600  465       3       java.nio.Buffer::position (52 bytes)
Event: 0.476 Thread 0x00007f9ce802a600 nmethod 465 0x0000000119e71610 code [0x0000000119e717c0, 0x0000000119e71a20]
Event: 0.476 Thread 0x00007f9ce802a600  467       3       java.util.LinkedHashMap::get (29 bytes)
Event: 0.476 Thread 0x00007f9ce802a600 nmethod 467 0x0000000119e71b10 code [0x0000000119e71cc0, 0x0000000119e71ed0]
Event: 0.478 Thread 0x00007f9ce802a000 nmethod 464 0x0000000121312e10 code [0x0000000121312fa0, 0x0000000121313498]
Event: 0.481 Thread 0x00007f9ce802a000  468       4       java.lang.String::getBytes (44 bytes)
Event: 0.481 Thread 0x00007f9ce802a600  469       3       jdk.internal.loader.ClassLoaders$BootClassLoader::loadClassOrNull (11 bytes)
Event: 0.481 Thread 0x00007f9ce802a600 nmethod 469 0x0000000119e72010 code [0x0000000119e721c0, 0x0000000119e724f0]
Event: 0.481 Thread 0x00007f9ce802a600  470       3       java.lang.System$2::findBootstrapClassOrNull (6 bytes)
Event: 0.481 Thread 0x00007f9ce802a600 nmethod 470 0x0000000119e72610 code [0x0000000119e727c0, 0x0000000119e72a70]

GC Heap History (0 events):
No events

Deoptimization events (20 events):
Event: 0.398 Thread 0x00007f9ce800d000 Uncommon trap: trap_request=0xffffffde fr.pc=0x00000001212fc290 relative=0x0000000000000430
Event: 0.398 Thread 0x00007f9ce800d000 Uncommon trap: reason=class_check action=maybe_recompile pc=0x00000001212fc290 method=java.util.HashMap.putVal(ILjava/lang/Object;Ljava/lang/Object;ZZ)Ljava/lang/Object; @ 253 c2
Event: 0.398 Thread 0x00007f9ce800d000 DEOPT PACKING pc=0x00000001212fc290 sp=0x0000000309d78de0
Event: 0.398 Thread 0x00007f9ce800d000 DEOPT UNPACKING pc=0x0000000119874e1f sp=0x0000000309d78d70 mode 2
Event: 0.441 Thread 0x00007f9ce800d000 Uncommon trap: trap_request=0xffffffbe fr.pc=0x0000000121309c1c relative=0x00000000000003fc
Event: 0.441 Thread 0x00007f9ce800d000 Uncommon trap: reason=profile_predicate action=maybe_recompile pc=0x0000000121309c1c method=java.lang.StringLatin1.indexOf([BI[BII)I @ 18 c2
Event: 0.441 Thread 0x00007f9ce800d000 DEOPT PACKING pc=0x0000000121309c1c sp=0x0000000309d794f0
Event: 0.441 Thread 0x00007f9ce800d000 DEOPT UNPACKING pc=0x0000000119874e1f sp=0x0000000309d79470 mode 2
Event: 0.443 Thread 0x00007f9ce800d000 Uncommon trap: trap_request=0xffffffbe fr.pc=0x0000000121309c1c relative=0x00000000000003fc
Event: 0.443 Thread 0x00007f9ce800d000 Uncommon trap: reason=profile_predicate action=maybe_recompile pc=0x0000000121309c1c method=java.lang.StringLatin1.indexOf([BI[BII)I @ 18 c2
Event: 0.443 Thread 0x00007f9ce800d000 DEOPT PACKING pc=0x0000000121309c1c sp=0x0000000309d795a0
Event: 0.443 Thread 0x00007f9ce800d000 DEOPT UNPACKING pc=0x0000000119874e1f sp=0x0000000309d79520 mode 2
Event: 0.461 Thread 0x00007f9ce800d000 Uncommon trap: trap_request=0xffffffbe fr.pc=0x0000000121309c1c relative=0x00000000000003fc
Event: 0.461 Thread 0x00007f9ce800d000 Uncommon trap: reason=profile_predicate action=maybe_recompile pc=0x0000000121309c1c method=java.lang.StringLatin1.indexOf([BI[BII)I @ 18 c2
Event: 0.461 Thread 0x00007f9ce800d000 DEOPT PACKING pc=0x0000000121309c1c sp=0x0000000309d793b0
Event: 0.461 Thread 0x00007f9ce800d000 DEOPT UNPACKING pc=0x0000000119874e1f sp=0x0000000309d79330 mode 2
Event: 0.473 Thread 0x00007f9ce800d000 Uncommon trap: trap_request=0xffffffbe fr.pc=0x0000000121309c1c relative=0x00000000000003fc
Event: 0.473 Thread 0x00007f9ce800d000 Uncommon trap: reason=profile_predicate action=maybe_recompile pc=0x0000000121309c1c method=java.lang.StringLatin1.indexOf([BI[BII)I @ 18 c2
Event: 0.473 Thread 0x00007f9ce800d000 DEOPT PACKING pc=0x0000000121309c1c sp=0x0000000309d78e20
Event: 0.473 Thread 0x00007f9ce800d000 DEOPT UNPACKING pc=0x0000000119874e1f sp=0x0000000309d78da0 mode 2

Classes unloaded (0 events):
No events

Classes redefined (0 events):
No events

Internal exceptions (8 events):
Event: 0.232 Thread 0x00007f9ce800d000 Implicit null exception at 0x00000001212fd135 to 0x00000001212fd280
Event: 0.253 Thread 0x00007f9ce802ba00 Exception <a 'java/lang/NoSuchMethodError'{0x0000000787ef2a50}: 'java.lang.Object java.lang.invoke.DirectMethodHandle$Holder.invokeStatic(java.lang.Object)'> (0x0000000787ef2a50) 
thrown [./open/src/hotspot/share/interpreter/linkResolver.cpp, line 782]
Event: 0.254 Thread 0x00007f9ce802ba00 Exception <a 'java/lang/NoSuchMethodError'{0x0000000787ef6238}: 'java.lang.Object java.lang.invoke.DirectMethodHandle$Holder.invokeStaticInit(java.lang.Object)'> (0x0000000787ef6238) 
thrown [./open/src/hotspot/share/interpreter/linkResolver.cpp, line 782]
Event: 0.279 Thread 0x00007f9ce802ba00 Exception <a 'java/lang/NoSuchMethodError'{0x0000000787d05f78}: 'void java.lang.invoke.DirectMethodHandle$Holder.invokeStatic(java.lang.Object, java.lang.Object)'> (0x0000000787d05f78) 
thrown [./open/src/hotspot/share/interpreter/linkResolver.cpp, line 782]
Event: 0.286 Thread 0x00007f9ce800d000 Exception <a 'java/io/FileNotFoundException'{0x0000000787ed2b50}> (0x0000000787ed2b50) 
thrown [./open/src/hotspot/share/prims/jni.cpp, line 578]
Event: 0.379 Thread 0x00007f9ce800d000 Exception <a 'java/lang/NoSuchMethodError'{0x0000000787ce0bf8}: 'java.lang.Object java.lang.invoke.DirectMethodHandle$Holder.invokeInterface(java.lang.Object, java.lang.Object)'> (0x0000000787ce0bf8) 
thrown [./open/src/hotspot/share/interpreter/linkResolver.cpp, line 782]
Event: 0.384 Thread 0x00007f9ce800d000 Exception <a 'java/lang/IncompatibleClassChangeError'{0x0000000787ce45f0}: Found class java.lang.Object, but interface was expected> (0x0000000787ce45f0) 
thrown [./open/src/hotspot/share/interpreter/linkResolver.cpp, line 848]
Event: 0.416 Thread 0x00007f9ce800d000 Exception <a 'java/lang/NoSuchMethodError'{0x0000000787b5eb28}: 'java.lang.Object java.lang.invoke.DirectMethodHandle$Holder.newInvokeSpecial(java.lang.Object, java.lang.Object, java.lang.Object, java.lang.Object, java.lang.Object)'> (0x0000000787b5eb28) 
thrown [./open/src/hotspot/share/interpreter/linkResolver.cpp, line 782]

Events (20 events):
Event: 0.453 loading class jdk/internal/reflect/ClassDefiner$1
Event: 0.453 loading class jdk/internal/reflect/ClassDefiner$1 done
Event: 0.453 loading class jdk/internal/reflect/SerializationConstructorAccessorImpl
Event: 0.453 loading class jdk/internal/reflect/SerializationConstructorAccessorImpl done
Event: 0.453 loading class jdk/internal/reflect/BootstrapConstructorAccessorImpl
Event: 0.453 loading class jdk/internal/reflect/BootstrapConstructorAccessorImpl done
Event: 0.453 loading class java/io/ObjectOutputStream
Event: 0.453 loading class java/io/ObjectOutput
Event: 0.453 loading class java/io/ObjectOutput done
Event: 0.453 loading class java/io/ObjectStreamConstants
Event: 0.453 loading class java/io/ObjectStreamConstants done
Event: 0.453 loading class java/io/ObjectOutputStream done
Event: 0.453 loading class java/io/ObjectInputStream
Event: 0.453 loading class java/io/ObjectInput
Event: 0.453 loading class java/io/ObjectInput done
Event: 0.453 loading class java/io/ObjectInputStream done
Event: 0.455 loading class java/io/ObjectStreamClass$FieldReflectorKey
Event: 0.455 loading class java/io/ObjectStreamClass$FieldReflectorKey done
Event: 0.455 loading class java/io/ObjectStreamClass$FieldReflector
Event: 0.455 loading class java/io/ObjectStreamClass$FieldReflector done


Dynamic libraries:
0x00007ffdffce0000 	/Library/Apple/usr/libexec/oah/runtime
0x00007fff2a609000 	/usr/lib/libz.1.dylib
0x000000010af33000 	/Library/Java/JavaVirtualMachines/jdk-15.0.2.jdk/Contents/Home/lib/libjli.dylib
0x00007fff352bb000 	/System/Library/Frameworks/Cocoa.framework/Versions/A/Cocoa
0x00007fff22160000 	/System/Library/Frameworks/Security.framework/Versions/A/Security
0x00007fff334b8000 	/System/Library/Frameworks/ApplicationServices.framework/Versions/A/ApplicationServices
0x00007fff2a6d5000 	/usr/lib/libSystem.B.dylib
0x00007fff2a6cf000 	/usr/lib/system/libcache.dylib
0x00007fff2a68b000 	/usr/lib/system/libcommonCrypto.dylib
0x00007fff2a6b5000 	/usr/lib/system/libcompiler_rt.dylib
0x00007fff2a6aa000 	/usr/lib/system/libcopyfile.dylib
0x00007fff200fe000 	/usr/lib/system/libcorecrypto.dylib
0x00007fff201cb000 	/usr/lib/system/libdispatch.dylib
0x00007fff20380000 	/usr/lib/system/libdyld.dylib
0x00007fff2a6c6000 	/usr/lib/system/libkeymgr.dylib
0x00007fff2dc6a000 	/usr/lib/system/liblaunch.dylib
0x00007fff2a669000 	/usr/lib/system/libmacho.dylib
0x00007fff29e7e000 	/usr/lib/system/libquarantine.dylib
0x00007fff2a6c3000 	/usr/lib/system/libremovefile.dylib
0x00007fff24af7000 	/usr/lib/system/libsystem_asl.dylib
0x00007fff200ae000 	/usr/lib/system/libsystem_blocks.dylib
0x00007fff2024d000 	/usr/lib/system/libsystem_c.dylib
0x00007fff2a6bd000 	/usr/lib/system/libsystem_collections.dylib
0x00007fff2926b000 	/usr/lib/system/libsystem_configuration.dylib
0x00007fff28557000 	/usr/lib/system/libsystem_containermanager.dylib
0x00007fff2a401000 	/usr/lib/system/libsystem_coreservices.dylib
0x00007fff22714000 	/usr/lib/system/libsystem_darwin.dylib
0x00007fff2a6c7000 	/usr/lib/system/libsystem_dnssd.dylib
0x00007fff2024a000 	/usr/lib/system/libsystem_featureflags.dylib
0x00007fff203c5000 	/usr/lib/system/libsystem_info.dylib
0x00007fff2a61c000 	/usr/lib/system/libsystem_m.dylib
0x00007fff2019e000 	/usr/lib/system/libsystem_malloc.dylib
0x00007fff24a8b000 	/usr/lib/system/libsystem_networkextension.dylib
0x00007fff22b2f000 	/usr/lib/system/libsystem_notify.dylib
0x00007fff3011e000 	/usr/lib/system/libsystem_product_info_filter.dylib
0x00007fff2926f000 	/usr/lib/system/libsystem_sandbox.dylib
0x00007fff2a6c0000 	/usr/lib/system/libsystem_secinit.dylib
0x00007fff20345000 	/usr/lib/system/libsystem_kernel.dylib
0x00007fff203bb000 	/usr/lib/system/libsystem_platform.dylib
0x00007fff20374000 	/usr/lib/system/libsystem_pthread.dylib
0x00007fff26225000 	/usr/lib/system/libsystem_symptoms.dylib
0x00007fff200e6000 	/usr/lib/system/libsystem_trace.dylib
0x00007fff2a697000 	/usr/lib/system/libunwind.dylib
0x00007fff200b0000 	/usr/lib/system/libxpc.dylib
0x00007fff2032c000 	/usr/lib/libc++abi.dylib
0x00007fff20210000 	/usr/lib/libobjc.A.dylib
0x00007fff2a6a2000 	/usr/lib/liboah.dylib
0x00007fff202d6000 	/usr/lib/libc++.1.dylib
0x00007fff203f1000 	/System/Library/Frameworks/CoreFoundation.framework/Versions/A/CoreFoundation
0x00007fff210d3000 	/System/Library/Frameworks/Foundation.framework/Versions/C/Foundation
0x00007fff22b87000 	/System/Library/Frameworks/AppKit.framework/Versions/C/AppKit
0x00007fff25a45000 	/System/Library/Frameworks/CoreData.framework/Versions/A/CoreData
0x00007fff238ea000 	/System/Library/PrivateFrameworks/UIFoundation.framework/Versions/A/UIFoundation
0x00007fff2fe97000 	/System/Library/PrivateFrameworks/RemoteViewServices.framework/Versions/A/RemoteViewServices
0x00007fff28c21000 	/System/Library/PrivateFrameworks/XCTTargetBootstrap.framework/Versions/A/XCTTargetBootstrap
0x00007fff2b973000 	/usr/lib/libspindump.dylib
0x00007fff23b3f000 	/System/Library/Frameworks/UniformTypeIdentifiers.framework/Versions/A/UniformTypeIdentifiers
0x00007fff273f7000 	/usr/lib/libapp_launch_measurement.dylib
0x00007fff273fa000 	/System/Library/PrivateFrameworks/CoreAutoLayout.framework/Versions/A/CoreAutoLayout
0x00007fff28583000 	/System/Library/Frameworks/Metal.framework/Versions/A/Metal
0x00007fff2927a000 	/usr/lib/liblangid.dylib
0x00007fff28c25000 	/System/Library/PrivateFrameworks/CoreSVG.framework/Versions/A/CoreSVG
0x00007fff24b26000 	/System/Library/PrivateFrameworks/SkyLight.framework/Versions/A/SkyLight
0x00007fff24e8d000 	/System/Library/Frameworks/CoreGraphics.framework/Versions/A/CoreGraphics
0x00007fff304ee000 	/System/Library/Frameworks/Accelerate.framework/Versions/A/Accelerate
0x00007fff2b3ae000 	/System/Library/PrivateFrameworks/IconServices.framework/Versions/A/IconServices
0x00007fff28568000 	/System/Library/Frameworks/IOSurface.framework/Versions/A/IOSurface
0x00007fff263d7000 	/usr/lib/libDiagnosticMessagesClient.dylib
0x00007fff28c0d000 	/System/Library/PrivateFrameworks/DFRFoundation.framework/Versions/A/DFRFoundation
0x00007fff224b2000 	/usr/lib/libicucore.A.dylib
0x00007fff2ceb8000 	/System/Library/Frameworks/AudioToolbox.framework/Versions/A/AudioToolbox
0x00007fff2c15d000 	/System/Library/PrivateFrameworks/DataDetectorsCore.framework/Versions/A/DataDetectorsCore
0x00007fff2890d000 	/System/Library/Frameworks/Carbon.framework/Versions/A/Frameworks/HIToolbox.framework/Versions/A/HIToolbox
0x00007fff26e52000 	/System/Library/Frameworks/QuartzCore.framework/Versions/A/QuartzCore
0x00007fff2fed3000 	/System/Library/Frameworks/Carbon.framework/Versions/A/Frameworks/SpeechRecognition.framework/Versions/A/SpeechRecognition
0x00007fff2715f000 	/System/Library/PrivateFrameworks/CoreUI.framework/Versions/A/CoreUI
0x00007fff21abb000 	/System/Library/Frameworks/CoreAudio.framework/Versions/A/CoreAudio
0x00007fff264c2000 	/System/Library/Frameworks/DiskArbitration.framework/Versions/A/DiskArbitration
0x00007fff2bd6d000 	/System/Library/PrivateFrameworks/MultitouchSupport.framework/Versions/A/MultitouchSupport
0x00007fff2c154000 	/System/Library/PrivateFrameworks/InternationalSupport.framework/Versions/A/InternationalSupport
0x00007fff24a9a000 	/usr/lib/libenergytrace.dylib
0x00007fff22a80000 	/System/Library/Frameworks/IOKit.framework/Versions/A/IOKit
0x00007fff30220000 	/System/Library/Frameworks/CoreServices.framework/Versions/A/CoreServices
0x00007fff2738d000 	/System/Library/PrivateFrameworks/PerformanceAnalysis.framework/Versions/A/PerformanceAnalysis
0x00007fff6cb95000 	/System/Library/Frameworks/OpenGL.framework/Versions/A/OpenGL
0x00007fff2c1d9000 	/System/Library/PrivateFrameworks/UserActivity.framework/Versions/A/UserActivity
0x00007fff25547000 	/System/Library/Frameworks/ColorSync.framework/Versions/A/ColorSync
0x00007fff28e91000 	/System/Library/Frameworks/CoreImage.framework/Versions/A/CoreImage
0x00007fff218d2000 	/System/Library/Frameworks/CoreText.framework/Versions/A/CoreText
0x00007fff28c4f000 	/System/Library/Frameworks/ImageIO.framework/Versions/A/ImageIO
0x00007fff2a6db000 	/System/Library/PrivateFrameworks/SoftLinking.framework/Versions/A/SoftLinking
0x00007fff27443000 	/usr/lib/libxml2.2.dylib
0x00007fff2a94d000 	/usr/lib/libcompression.dylib
0x00007fff24a9b000 	/usr/lib/libMobileGestalt.dylib
0x00007fff2c087000 	/System/Library/PrivateFrameworks/TextureIO.framework/Versions/A/TextureIO
0x00007fff2b03b000 	/usr/lib/libate.dylib
0x00007fff2ad66000 	/usr/lib/liblzma.5.dylib
0x00007fff20de7000 	/System/Library/Frameworks/SystemConfiguration.framework/Versions/A/SystemConfiguration
0x00007fff2a6d7000 	/usr/lib/libfakelink.dylib
0x00007fff245ed000 	/System/Library/Frameworks/CFNetwork.framework/Versions/A/CFNetwork
0x00007fff2a817000 	/usr/lib/libarchive.2.dylib
0x00007fff20e65000 	/usr/lib/libCRFSuite.dylib
0x00007fff29ea5000 	/usr/lib/libbsm.0.dylib
0x00007fff23fa9000 	/usr/lib/libnetwork.dylib
0x00007fff2a6dc000 	/usr/lib/libpcap.A.dylib
0x00007fff2621e000 	/usr/lib/libdns_services.dylib
0x00007fff2ad7f000 	/usr/lib/libcoretls_cfhelpers.dylib
0x00007fff2a91b000 	/usr/lib/libapple_nghttp2.dylib
0x00007fff2a66f000 	/usr/lib/system/libkxld.dylib
0x00007fff25e8c000 	/usr/lib/libsqlite3.dylib
0x00007fff2a3e3000 	/System/Library/PrivateFrameworks/AppleFSCompression.framework/Versions/A/AppleFSCompression
0x00007fff29e8d000 	/usr/lib/libcoretls.dylib
0x00007fff2a948000 	/usr/lib/libpam.2.dylib
0x00007fff2ae7c000 	/usr/lib/libxar.1.dylib
0x00007fff29276000 	/System/Library/PrivateFrameworks/AppleSystemInfo.framework/Versions/A/AppleSystemInfo
0x00007fff29ad0000 	/System/Library/PrivateFrameworks/IOMobileFramebuffer.framework/Versions/A/IOMobileFramebuffer
0x00007fff2a3f3000 	/usr/lib/libbz2.1.0.dylib
0x00007fff2a714000 	/usr/lib/libiconv.2.dylib
0x00007fff2a668000 	/usr/lib/libcharset.1.dylib
0x00007fff273c9000 	/System/Library/Frameworks/CoreServices.framework/Versions/A/Frameworks/FSEvents.framework/Versions/A/FSEvents
0x00007fff2271e000 	/System/Library/Frameworks/CoreServices.framework/Versions/A/Frameworks/CarbonCore.framework/Versions/A/CarbonCore
0x00007fff26427000 	/System/Library/Frameworks/CoreServices.framework/Versions/A/Frameworks/Metadata.framework/Versions/A/Metadata
0x00007fff2a406000 	/System/Library/Frameworks/CoreServices.framework/Versions/A/Frameworks/OSServices.framework/Versions/A/OSServices
0x00007fff2a889000 	/System/Library/Frameworks/CoreServices.framework/Versions/A/Frameworks/SearchKit.framework/Versions/A/SearchKit
0x00007fff261a8000 	/System/Library/Frameworks/CoreServices.framework/Versions/A/Frameworks/AE.framework/Versions/A/AE
0x00007fff2088d000 	/System/Library/Frameworks/CoreServices.framework/Versions/A/Frameworks/LaunchServices.framework/Versions/A/LaunchServices
0x00007fff2ad17000 	/System/Library/Frameworks/CoreServices.framework/Versions/A/Frameworks/DictionaryServices.framework/Versions/A/DictionaryServices
0x00007fff273d2000 	/System/Library/Frameworks/CoreServices.framework/Versions/A/Frameworks/SharedFileList.framework/Versions/A/SharedFileList
0x00007fff29e81000 	/usr/lib/libCheckFix.dylib
0x00007fff24b0e000 	/System/Library/PrivateFrameworks/TCC.framework/Versions/A/TCC
0x00007fff2927c000 	/System/Library/PrivateFrameworks/CoreNLP.framework/Versions/A/CoreNLP
0x00007fff263da000 	/System/Library/PrivateFrameworks/MetadataUtilities.framework/Versions/A/MetadataUtilities
0x00007fff20e9b000 	/usr/lib/libmecabra.dylib
0x00007fff2a195000 	/System/Library/Frameworks/MLCompute.framework/Versions/A/MLCompute
0x00007fff29eb6000 	/usr/lib/libmecab.dylib
0x00007fff29f00000 	/usr/lib/libgermantok.dylib
0x00007fff2a8f1000 	/usr/lib/libThaiTokenizer.dylib
0x00007fff2aeb7000 	/usr/lib/libChineseTokenizer.dylib
0x00007fff2a946000 	/System/Library/Frameworks/MetalPerformanceShaders.framework/Versions/A/MetalPerformanceShaders
0x00007fff264c9000 	/System/Library/Frameworks/Accelerate.framework/Versions/A/Frameworks/vImage.framework/Versions/A/vImage
0x00007fff301f9000 	/System/Library/Frameworks/Accelerate.framework/Versions/A/Frameworks/vecLib.framework/Versions/A/vecLib
0x00007fff2aec2000 	/System/Library/Frameworks/Accelerate.framework/Versions/A/Frameworks/vecLib.framework/Versions/A/libvMisc.dylib
0x00007fff2992c000 	/System/Library/Frameworks/Accelerate.framework/Versions/A/Frameworks/vecLib.framework/Versions/A/libvDSP.dylib
0x00007fff20b91000 	/System/Library/Frameworks/Accelerate.framework/Versions/A/Frameworks/vecLib.framework/Versions/A/libBLAS.dylib
0x00007fff2a96c000 	/System/Library/Frameworks/Accelerate.framework/Versions/A/Frameworks/vecLib.framework/Versions/A/libLAPACK.dylib
0x00007fff29f06000 	/System/Library/Frameworks/Accelerate.framework/Versions/A/Frameworks/vecLib.framework/Versions/A/libLinearAlgebra.dylib
0x00007fff2a933000 	/System/Library/Frameworks/Accelerate.framework/Versions/A/Frameworks/vecLib.framework/Versions/A/libSparseBLAS.dylib
0x00007fff2a966000 	/System/Library/Frameworks/Accelerate.framework/Versions/A/Frameworks/vecLib.framework/Versions/A/libQuadrature.dylib
0x00007fff29324000 	/System/Library/Frameworks/Accelerate.framework/Versions/A/Frameworks/vecLib.framework/Versions/A/libBNNS.dylib
0x00007fff20d78000 	/System/Library/Frameworks/Accelerate.framework/Versions/A/Frameworks/vecLib.framework/Versions/A/libSparse.dylib
0x00007fff2920f000 	/System/Library/Frameworks/MetalPerformanceShaders.framework/Versions/A/Frameworks/MPSCore.framework/Versions/A/MPSCore
0x00007fff2a352000 	/System/Library/Frameworks/MetalPerformanceShaders.framework/Versions/A/Frameworks/MPSImage.framework/Versions/A/MPSImage
0x00007fff29f1d000 	/System/Library/Frameworks/MetalPerformanceShaders.framework/Versions/A/Frameworks/MPSNeuralNetwork.framework/Versions/A/MPSNeuralNetwork
0x00007fff2a2dd000 	/System/Library/Frameworks/MetalPerformanceShaders.framework/Versions/A/Frameworks/MPSMatrix.framework/Versions/A/MPSMatrix
0x00007fff2a145000 	/System/Library/Frameworks/MetalPerformanceShaders.framework/Versions/A/Frameworks/MPSRayIntersector.framework/Versions/A/MPSRayIntersector
0x00007fff2a314000 	/System/Library/Frameworks/MetalPerformanceShaders.framework/Versions/A/Frameworks/MPSNDArray.framework/Versions/A/MPSNDArray
0x00007fff20abd000 	/System/Library/PrivateFrameworks/MetalTools.framework/Versions/A/MetalTools
0x00007fff29274000 	/System/Library/PrivateFrameworks/AggregateDictionary.framework/Versions/A/AggregateDictionary
0x00007fff263b2000 	/System/Library/PrivateFrameworks/CoreAnalytics.framework/Versions/A/CoreAnalytics
0x00007fff2a8f3000 	/System/Library/PrivateFrameworks/AppleSauce.framework/Versions/A/AppleSauce
0x00007fff2857a000 	/System/Library/PrivateFrameworks/IOAccelerator.framework/Versions/A/IOAccelerator
0x00007fff6cb89000 	/System/Library/Frameworks/OpenGL.framework/Versions/A/Libraries/libCoreFSCache.dylib
0x00007fff21437000 	/System/Library/PrivateFrameworks/LanguageModeling.framework/Versions/A/LanguageModeling
0x00007fff29abd000 	/System/Library/PrivateFrameworks/CoreEmoji.framework/Versions/A/CoreEmoji
0x00007fff2931d000 	/System/Library/PrivateFrameworks/LinguisticData.framework/Versions/A/LinguisticData
0x00007fff20d2a000 	/System/Library/PrivateFrameworks/Lexicon.framework/Versions/A/Lexicon
0x00007fff2a805000 	/usr/lib/libcmph.dylib
0x00007fff273a9000 	/System/Library/Frameworks/OpenDirectory.framework/Versions/A/Frameworks/CFOpenDirectory.framework/Versions/A/CFOpenDirectory
0x00007fff27399000 	/System/Library/Frameworks/OpenDirectory.framework/Versions/A/OpenDirectory
0x00007fff2ad81000 	/System/Library/PrivateFrameworks/APFS.framework/Versions/A/APFS
0x00007fff29de2000 	/System/Library/Frameworks/SecurityFoundation.framework/Versions/A/SecurityFoundation
0x00007fff2ae8a000 	/usr/lib/libutil.dylib
0x00007fff22a45000 	/System/Library/PrivateFrameworks/CoreServicesStore.framework/Versions/A/CoreServicesStore
0x00007fff29e79000 	/System/Library/Frameworks/ServiceManagement.framework/Versions/A/ServiceManagement
0x00007fff2ae8e000 	/usr/lib/libxslt.1.dylib
0x00007fff29e6f000 	/System/Library/PrivateFrameworks/BackgroundTaskManagement.framework/Versions/A/BackgroundTaskManagement
0x00007fff2bfd2000 	/System/Library/Frameworks/ImageIO.framework/Versions/A/Resources/libRadiance.dylib
0x00007fff2bfdb000 	/System/Library/Frameworks/ImageIO.framework/Versions/A/Resources/libJPEG.dylib
0x00007fff2bf27000 	/System/Library/Frameworks/ImageIO.framework/Versions/A/Resources/libPng.dylib
0x00007fff2bf4e000 	/System/Library/Frameworks/ImageIO.framework/Versions/A/Resources/libTIFF.dylib
0x00007fff2c030000 	/System/Library/Frameworks/ImageIO.framework/Versions/A/Resources/libGIF.dylib
0x00007fff2bc8b000 	/System/Library/Frameworks/ImageIO.framework/Versions/A/Resources/libJP2.dylib
0x00007fff2b375000 	/usr/lib/libexpat.1.dylib
0x00007fff2bc40000 	/System/Library/PrivateFrameworks/AppleJPEG.framework/Versions/A/AppleJPEG
0x00007fff287b0000 	/System/Library/PrivateFrameworks/FontServices.framework/libFontParser.dylib
0x00007fff2615c000 	/System/Library/PrivateFrameworks/RunningBoardServices.framework/Versions/A/RunningBoardServices
0x00007fff2bd69000 	/System/Library/PrivateFrameworks/WatchdogClient.framework/Versions/A/WatchdogClient
0x00007fff21524000 	/System/Library/Frameworks/CoreDisplay.framework/Versions/A/CoreDisplay
0x00007fff286c6000 	/System/Library/Frameworks/CoreMedia.framework/Versions/A/CoreMedia
0x00007fff27526000 	/System/Library/Frameworks/CoreVideo.framework/Versions/A/CoreVideo
0x00007fff2bda1000 	/System/Library/Frameworks/VideoToolbox.framework/Versions/A/VideoToolbox
0x00007fff260da000 	/System/Library/PrivateFrameworks/BaseBoard.framework/Versions/A/BaseBoard
0x00007fff2b4ba000 	/System/Library/PrivateFrameworks/PersistentConnection.framework/Versions/A/PersistentConnection
0x00007fff25e75000 	/System/Library/PrivateFrameworks/ProtocolBuffer.framework/Versions/A/ProtocolBuffer
0x00007fff260c1000 	/System/Library/PrivateFrameworks/CommonUtilities.framework/Versions/A/CommonUtilities
0x00007fff2bbd5000 	/System/Library/PrivateFrameworks/Bom.framework/Versions/A/Bom
0x00007fff2bfcb000 	/System/Library/PrivateFrameworks/GPUWrangler.framework/Versions/A/GPUWrangler
0x00007fff2bfae000 	/System/Library/PrivateFrameworks/IOPresentment.framework/Versions/A/IOPresentment
0x00007fff2bfd5000 	/System/Library/PrivateFrameworks/DSExternalDisplay.framework/Versions/A/DSExternalDisplay
0x00007fff2c035000 	/System/Library/PrivateFrameworks/CMCaptureCore.framework/Versions/A/CMCaptureCore
0x00007fff2b95a000 	/System/Library/PrivateFrameworks/AppServerSupport.framework/Versions/A/AppServerSupport
0x00007fff2da09000 	/System/Library/PrivateFrameworks/perfdata.framework/Versions/A/perfdata
0x00007fff29dd1000 	/System/Library/PrivateFrameworks/AssertionServices.framework/Versions/A/AssertionServices
0x00007fff2165b000 	/System/Library/PrivateFrameworks/AudioToolboxCore.framework/Versions/A/AudioToolboxCore
0x00007fff286a9000 	/System/Library/PrivateFrameworks/caulk.framework/Versions/A/caulk
0x00007fff3d6b4000 	/System/Library/PrivateFrameworks/SystemPolicy.framework/Versions/A/SystemPolicy
0x00007fff2b16a000 	/usr/lib/libIOReport.dylib
0x00007fff2d22b000 	/usr/lib/libSMC.dylib
0x00007fff2bef4000 	/usr/lib/libAudioToolboxUtility.dylib
0x00007fff3e01e000 	/usr/lib/libmis.dylib
0x00007fff6cbe5000 	/System/Library/Frameworks/OpenGL.framework/Versions/A/Libraries/libGLU.dylib
0x00007fff6cba8000 	/System/Library/Frameworks/OpenGL.framework/Versions/A/Libraries/libGFXShared.dylib
0x00007fff6cdb7000 	/System/Library/Frameworks/OpenGL.framework/Versions/A/Libraries/libGL.dylib
0x00007fff6cbb1000 	/System/Library/Frameworks/OpenGL.framework/Versions/A/Libraries/libGLImage.dylib
0x00007fff6cba5000 	/System/Library/Frameworks/OpenGL.framework/Versions/A/Libraries/libCVMSPluginSupport.dylib
0x00007fff6cb90000 	/System/Library/Frameworks/OpenGL.framework/Versions/A/Libraries/libCoreVMClient.dylib
0x00007fff6e1f8000 	/System/Library/Frameworks/OpenCL.framework/Versions/A/OpenCL
0x00007fff2b4e4000 	/System/Library/PrivateFrameworks/GraphVisualizer.framework/Versions/A/GraphVisualizer
0x00007fff2b4f3000 	/System/Library/PrivateFrameworks/FaceCore.framework/Versions/A/FaceCore
0x00007fff2b90f000 	/System/Library/PrivateFrameworks/OTSVG.framework/Versions/A/OTSVG
0x00007fff2711d000 	/System/Library/Frameworks/ApplicationServices.framework/Versions/A/Frameworks/ATS.framework/Versions/A/Resources/libFontRegistry.dylib
0x00007fff2b961000 	/System/Library/PrivateFrameworks/FontServices.framework/libhvf.dylib
0x00007fff2b321000 	/System/Library/PrivateFrameworks/AppleVA.framework/Versions/A/AppleVA
0x00007fff2d074000 	/System/Library/Frameworks/ApplicationServices.framework/Versions/A/Frameworks/ATS.framework/Versions/A/ATS
0x00007fff2d386000 	/System/Library/Frameworks/ApplicationServices.framework/Versions/A/Frameworks/ColorSyncLegacy.framework/Versions/A/ColorSyncLegacy
0x00007fff2563e000 	/System/Library/Frameworks/ApplicationServices.framework/Versions/A/Frameworks/HIServices.framework/Versions/A/HIServices
0x00007fff2d36b000 	/System/Library/Frameworks/ApplicationServices.framework/Versions/A/Frameworks/LangAnalysis.framework/Versions/A/LangAnalysis
0x00007fff2c03f000 	/System/Library/Frameworks/ApplicationServices.framework/Versions/A/Frameworks/PrintCore.framework/Versions/A/PrintCore
0x00007fff2d38e000 	/System/Library/Frameworks/ApplicationServices.framework/Versions/A/Frameworks/QD.framework/Versions/A/QD
0x00007fff2d064000 	/System/Library/Frameworks/ApplicationServices.framework/Versions/A/Frameworks/SpeechSynthesis.framework/Versions/A/SpeechSynthesis
0x00007fff2c000000 	/System/Library/Frameworks/ApplicationServices.framework/Versions/A/Frameworks/ATSUI.framework/Versions/A/ATSUI
0x00007fff2d30b000 	/usr/lib/libcups.2.dylib
0x00007fff2d37b000 	/System/Library/PrivateFrameworks/NetAuth.framework/Versions/A/NetAuth
0x00007fff2da25000 	/System/Library/Frameworks/Kerberos.framework/Versions/A/Kerberos
0x00007fff2da35000 	/System/Library/Frameworks/GSS.framework/Versions/A/GSS
0x00007fff2d0e0000 	/usr/lib/libresolv.9.dylib
0x00007fff2b976000 	/System/Library/PrivateFrameworks/Heimdal.framework/Versions/A/Heimdal
0x00007fff337b9000 	/System/Library/Frameworks/Kerberos.framework/Versions/A/Libraries/libHeimdalProxy.dylib
0x00007fff2622d000 	/System/Library/Frameworks/Network.framework/Versions/A/Network
0x00007fff2b38f000 	/usr/lib/libheimdal-asn1.dylib
0x00007fff2da85000 	/System/Library/PrivateFrameworks/CommonAuth.framework/Versions/A/CommonAuth
0x00007fff27573000 	/System/Library/PrivateFrameworks/login.framework/Versions/A/Frameworks/loginsupport.framework/Versions/A/loginsupport
0x00007fff2cfe9000 	/System/Library/PrivateFrameworks/AudioSession.framework/Versions/A/AudioSession
0x00007fff2d051000 	/usr/lib/libAudioStatistics.dylib
0x00007fff2b41c000 	/System/Library/PrivateFrameworks/MediaExperience.framework/Versions/A/MediaExperience
0x00007fff2ce86000 	/System/Library/PrivateFrameworks/AudioSession.framework/libSessionUtility.dylib
0x00007fff2da16000 	/usr/lib/libperfcheck.dylib
0x00007fff2d39a000 	/System/Library/PrivateFrameworks/AudioResourceArbitration.framework/Versions/A/AudioResourceArbitration
0x00007fff2b399000 	/System/Library/PrivateFrameworks/IconFoundation.framework/Versions/A/IconFoundation
0x00007fff2fec3000 	/System/Library/PrivateFrameworks/SpeechRecognitionCore.framework/Versions/A/SpeechRecognitionCore
0x000000010f000000 	/Library/Java/JavaVirtualMachines/jdk-15.0.2.jdk/Contents/Home/lib/server/libjvm.dylib
0x000000010afbb000 	/Library/Java/JavaVirtualMachines/jdk-15.0.2.jdk/Contents/Home/lib/libjimage.dylib
0x000000010afd5000 	/Library/Java/JavaVirtualMachines/jdk-15.0.2.jdk/Contents/Home/lib/libinstrument.dylib
0x000000011977c000 	/Library/Java/JavaVirtualMachines/jdk-15.0.2.jdk/Contents/Home/lib/libjava.dylib
0x0000000131c14000 	/Library/Java/JavaVirtualMachines/jdk-15.0.2.jdk/Contents/Home/lib/libzip.dylib
0x0000000131c39000 	/Library/Java/JavaVirtualMachines/jdk-15.0.2.jdk/Contents/Home/lib/libnio.dylib
0x0000000131c67000 	/Library/Java/JavaVirtualMachines/jdk-15.0.2.jdk/Contents/Home/lib/libnet.dylib
0x0000000131d55000 	/Library/Java/JavaVirtualMachines/jdk-15.0.2.jdk/Contents/Home/lib/libverify.dylib
0x0000000131d84000 	/Library/Java/JavaVirtualMachines/jdk-15.0.2.jdk/Contents/Home/lib/libextnet.dylib


VM Arguments:
jvm_args: -ea -Didea.test.cyclic.buffer.size=1048576 -javaagent:/Applications/IntelliJ IDEA.app/Contents/lib/idea_rt.jar=53561:/Applications/IntelliJ IDEA.app/Contents/bin -Dfile.encoding=UTF-8 
java_command: com.intellij.rt.junit.JUnitStarter -ideVersion5 -junit4 travis_ci_tutorial_java.SimpleCalculatorTest,testDividebyZero
java_class_path (initial): /Applications/IntelliJ IDEA.app/Contents/lib/idea_rt.jar:/Applications/IntelliJ IDEA.app/Contents/plugins/junit/lib/junit5-rt.jar:/Applications/IntelliJ IDEA.app/Contents/plugins/junit/lib/junit-rt.jar:/Users/mohamedsaid/Towson/Spring 2021/COSC 603 - Software Testing/Travis412/target/test-classes:/Users/mohamedsaid/Towson/Spring 2021/COSC 603 - Software Testing/Travis412/target/classes:/Users/mohamedsaid/.m2/repository/junit/junit/4.13.1/junit-4.13.1.jar:/Users/mohamedsaid/.m2/repository/org/hamcrest/hamcrest-core/1.3/hamcrest-core-1.3.jar
Launcher Type: SUN_STANDARD

[Global flags]
     intx CICompilerCount                          = 4                                         {product} {ergonomic}
     uint ConcGCThreads                            = 2                                         {product} {ergonomic}
     uint G1ConcRefinementThreads                  = 8                                         {product} {ergonomic}
   size_t G1HeapRegionSize                         = 1048576                                   {product} {ergonomic}
    uintx GCDrainStackTargetSize                   = 64                                        {product} {ergonomic}
   size_t InitialHeapSize                          = 134217728                                 {product} {ergonomic}
   size_t MarkStackSize                            = 4194304                                   {product} {ergonomic}
   size_t MaxHeapSize                              = 2147483648                                {product} {ergonomic}
   size_t MaxNewSize                               = 1287651328                                {product} {ergonomic}
   size_t MinHeapDeltaBytes                        = 1048576                                   {product} {ergonomic}
   size_t MinHeapSize                              = 8388608                                   {product} {ergonomic}
    uintx NonNMethodCodeHeapSize                   = 5839372                                {pd product} {ergonomic}
    uintx NonProfiledCodeHeapSize                  = 122909434                              {pd product} {ergonomic}
    uintx ProfiledCodeHeapSize                     = 122909434                              {pd product} {ergonomic}
    uintx ReservedCodeCacheSize                    = 251658240                              {pd product} {ergonomic}
     bool SegmentedCodeCache                       = true                                      {product} {ergonomic}
   size_t SoftMaxHeapSize                          = 2147483648                             {manageable} {ergonomic}
     bool UseCompressedClassPointers               = true                                 {lp64_product} {ergonomic}
     bool UseCompressedOops                        = true                                 {lp64_product} {ergonomic}
     bool UseG1GC                                  = true                                      {product} {ergonomic}
     bool UseNUMA                                  = false                                     {product} {ergonomic}
     bool UseNUMAInterleaving                      = false                                     {product} {ergonomic}

Logging:
Log output configuration:
 #0: stdout all=warning uptime,level,tags
 #1: stderr all=off uptime,level,tags

Environment Variables:
PATH=/opt/homebrew/bin:/opt/homebrew/sbin:/usr/local/bin:/usr/bin:/bin:/usr/sbin:/sbin:/usr/local/share/dotnet:~/.dotnet/tools:/Library/Apple/usr/bin:/Library/Frameworks/Mono.framework/Versions/Current/Commands
SHELL=/bin/zsh
LC_CTYPE=en_US.UTF-8

Signal Handlers:
SIGSEGV: [libjvm.dylib+0x9ff2f0], sa_mask[0]=11111111111111111111111111111111, sa_flags=SA_ONSTACK|SA_RESTART|SA_SIGINFO
SIGBUS: [libjvm.dylib+0x9ff2f0], sa_mask[0]=11111111111111111111111111111111, sa_flags=SA_RESTART|SA_SIGINFO
SIGFPE: [libjvm.dylib+0x9ff2f0], sa_mask[0]=11111111111111111111111111111111, sa_flags=SA_RESTART|SA_SIGINFO
SIGPIPE: [libjvm.dylib+0x82ae30], sa_mask[0]=11111111111111111111111111111111, sa_flags=SA_RESTART|SA_SIGINFO
SIGXFSZ: [libjvm.dylib+0x82ae30], sa_mask[0]=11111111111111111111111111111111, sa_flags=SA_RESTART|SA_SIGINFO
SIGILL: [libjvm.dylib+0x9ff2f0], sa_mask[0]=11111111111111111111111111111111, sa_flags=SA_RESTART|SA_SIGINFO
SIGUSR2: [libjvm.dylib+0x82b940], sa_mask[0]=00100000000000000000000000000000, sa_flags=SA_RESTART|SA_SIGINFO
SIGHUP: [libjvm.dylib+0x82a040], sa_mask[0]=11111111111111111111111111111111, sa_flags=SA_RESTART|SA_SIGINFO
SIGINT: [libjvm.dylib+0x82a040], sa_mask[0]=11111111111111111111111111111111, sa_flags=SA_RESTART|SA_SIGINFO
SIGTERM: [libjvm.dylib+0x82a040], sa_mask[0]=11111111111111111111111111111111, sa_flags=SA_RESTART|SA_SIGINFO
SIGQUIT: [libjvm.dylib+0x82a040], sa_mask[0]=11111111111111111111111111111111, sa_flags=SA_RESTART|SA_SIGINFO


---------------  S Y S T E M  ---------------

OS:uname: Darwin 20.3.0 Darwin Kernel Version 20.3.0: Thu Jan 21 00:06:51 PST 2021; root:xnu-7195.81.3~1/RELEASE_ARM64_T8101 x86_64
OS uptime: 1 days 18:36 hours
rlimit (soft/hard): STACK 8176k/65520k , CORE 0k/infinity , NPROC 1333/2000 , NOFILE 10240/infinity , AS infinity/infinity , CPU infinity/infinity , DATA infinity/infinity , FSIZE infinity/infinity , MEMLOCK infinity/infinity , RSS infinity/infinity
load average: 2.25 1.92 1.65

CPU: total 8 (initial active 8) (1 cores per cpu, 1 threads per core) family 6 model 44 stepping 0 microcode 0x0, cmov, cx8, fxsr, mmx, sse, sse2, sse3, ssse3, sse4.1, sse4.2, popcnt, aes, clmul, tsc, tscinvbit, tscinv, clflush

Memory: 4k page, physical 8388608k(65460k free), swap 8388608k(1142016k free)

vm_info: Java HotSpot(TM) 64-Bit Server VM (15.0.2+7-27) for bsd-amd64 JRE (15.0.2+7-27), built on Dec  7 2020 20:08:32 by "mach5one" with clang 4.2.1 Compatible Apple LLVM 10.0.0 (clang-1000.11.45.5)

END.
